Wed Feb 09 20:53:21 Saved as file ~undo.max
Wed Feb 09 22:45:32 Saved as file BACKUP1.MAX
Wed Feb 09 22:55:32 Saved as file BACKUP1.MAX
Thu Feb 10 12:12:19 Saved as file BACKUP1.MAX
Thu Feb 17 21:04:14 Saved as file C:\USERS\PARTH\DESKTOP\SMST-REF\PCB DESIGN\SMART TRAFFIC SIGNAL.MAX
Thu Feb 17 21:04:16 Saved as file C:\USERS\PARTH\DESKTOP\SMST-REF\PCB DESIGN\SMART TRAFFIC SIGNAL.MAX
Thu Feb 17 22:40:29 Saved as file BACKUP1.MAX
Fri Feb 18 10:23:07 Saved as file BACKUP1.MAX
Fri Feb 18 10:33:37 Saved as file BACKUP1.MAX
Fri Feb 18 10:43:28 Saved as file BACKUP1.MAX
Sat Feb 19 16:38:27 Saved as file BACKUP1.MAX
Sat Feb 19 19:47:49 Saved as file ~undo.max
Sat Feb 19 19:48:46 Loaded file C:\OrCAD\OrCAD_10.0\tools\Layout_Eng_Ed\data\template.imp
Sat Feb 19 19:48:46 Loaded file C:\OrCAD\OrCAD_10.0\tools\Layout_Eng_Ed\data\template.imp
Sat Feb 19 19:48:47 Loaded file C:\OrCAD\OrCAD_10.0\tools\Layout_Eng_Ed\library\BCON100T.llb
Sat Feb 19 19:48:50 Loaded file C:\OrCAD\OrCAD_10.0\tools\Layout_Eng_Ed\library\BCON156T.llb
Sat Feb 19 19:48:54 Loaded file C:\OrCAD\OrCAD_10.0\tools\Layout_Eng_Ed\data\template.imp
Sat Feb 19 19:48:56 Loaded file C:\OrCAD\OrCAD_10.0\tools\Layout_Eng_Ed\data\template.imp
Sat Feb 19 19:48:56 Loaded file C:\OrCAD\OrCAD_10.0\tools\Layout_Eng_Ed\data\template.imp
Sat Feb 19 19:48:57 Loaded file C:\OrCAD\OrCAD_10.0\tools\Layout_Eng_Ed\data\template.imp
Sat Feb 19 19:48:57 Loaded file C:\OrCAD\OrCAD_10.0\tools\Layout_Eng_Ed\data\template.imp
Sat Feb 19 19:48:57 Loaded file C:\OrCAD\OrCAD_10.0\tools\Layout_Eng_Ed\data\template.imp
Sat Feb 19 19:48:57 Loaded file C:\OrCAD\OrCAD_10.0\tools\Layout_Eng_Ed\data\template.imp
Sat Feb 19 19:48:57 Loaded file C:\OrCAD\OrCAD_10.0\tools\Layout_Eng_Ed\data\template.imp
Sat Feb 19 19:48:57 Loaded file C:\OrCAD\OrCAD_10.0\tools\Layout_Eng_Ed\data\template.imp
Sat Feb 19 19:48:57 Loaded file C:\OrCAD\OrCAD_10.0\tools\Layout_Eng_Ed\data\template.imp
Sat Feb 19 19:48:58 Loaded file C:\OrCAD\OrCAD_10.0\tools\Layout_Eng_Ed\data\template.imp
Sat Feb 19 19:48:58 Loaded file C:\OrCAD\OrCAD_10.0\tools\Layout_Eng_Ed\data\template.imp
Sat Feb 19 19:48:58 Loaded file C:\OrCAD\OrCAD_10.0\tools\Layout_Eng_Ed\data\template.imp
Sat Feb 19 19:48:58 Loaded file C:\OrCAD\OrCAD_10.0\tools\Layout_Eng_Ed\data\template.imp
Sat Feb 19 19:48:58 Loaded file C:\OrCAD\OrCAD_10.0\tools\Layout_Eng_Ed\data\template.imp
Sat Feb 19 19:48:58 Loaded file C:\OrCAD\OrCAD_10.0\tools\Layout_Eng_Ed\data\template.imp
Sat Feb 19 19:48:59 Loaded file C:\OrCAD\OrCAD_10.0\tools\Layout_Eng_Ed\data\template.imp
Sat Feb 19 19:48:59 Loaded file C:\OrCAD\OrCAD_10.0\tools\Layout_Eng_Ed\data\template.imp
Sat Feb 19 19:48:59 Loaded file C:\OrCAD\OrCAD_10.0\tools\Layout_Eng_Ed\data\template.imp
Sat Feb 19 19:48:59 Loaded file C:\OrCAD\OrCAD_10.0\tools\Layout_Eng_Ed\data\template.imp
Sat Feb 19 19:48:59 Loaded file C:\OrCAD\OrCAD_10.0\tools\Layout_Eng_Ed\data\template.imp
Sat Feb 19 19:48:59 Loaded file C:\OrCAD\OrCAD_10.0\tools\Layout_Eng_Ed\data\template.imp
Sat Feb 19 19:48:59 Loaded file C:\OrCAD\OrCAD_10.0\tools\Layout_Eng_Ed\data\template.imp
Sat Feb 19 19:48:59 Loaded file C:\OrCAD\OrCAD_10.0\tools\Layout_Eng_Ed\data\template.imp
Sat Feb 19 19:48:59 Loaded file C:\OrCAD\OrCAD_10.0\tools\Layout_Eng_Ed\data\template.imp
Sat Feb 19 19:48:59 Loaded file C:\OrCAD\OrCAD_10.0\tools\Layout_Eng_Ed\data\template.imp
Sat Feb 19 19:48:59 Loaded file C:\OrCAD\OrCAD_10.0\tools\Layout_Eng_Ed\data\template.imp
Sat Feb 19 19:48:59 Loaded file C:\OrCAD\OrCAD_10.0\tools\Layout_Eng_Ed\data\template.imp
Sat Feb 19 19:49:00 Loaded file C:\OrCAD\OrCAD_10.0\tools\Layout_Eng_Ed\data\template.imp
Sat Feb 19 19:49:00 Loaded file C:\OrCAD\OrCAD_10.0\tools\Layout_Eng_Ed\data\template.imp
Sat Feb 19 19:49:00 Loaded file C:\OrCAD\OrCAD_10.0\tools\Layout_Eng_Ed\data\template.imp
Sat Feb 19 19:49:00 Loaded file C:\OrCAD\OrCAD_10.0\tools\Layout_Eng_Ed\data\template.imp
Sat Feb 19 19:49:00 Loaded file C:\OrCAD\OrCAD_10.0\tools\Layout_Eng_Ed\data\template.imp
Sat Feb 19 19:49:00 Loaded file C:\OrCAD\OrCAD_10.0\tools\Layout_Eng_Ed\data\template.imp
Sat Feb 19 19:49:00 Loaded file C:\OrCAD\OrCAD_10.0\tools\Layout_Eng_Ed\data\template.imp
Sat Feb 19 19:49:01 Loaded file C:\OrCAD\OrCAD_10.0\tools\Layout_Eng_Ed\data\template.imp
Sat Feb 19 19:49:01 Loaded file C:\OrCAD\OrCAD_10.0\tools\Layout_Eng_Ed\data\template.imp
Sat Feb 19 19:49:01 Loaded file C:\OrCAD\OrCAD_10.0\tools\Layout_Eng_Ed\data\template.imp
Sat Feb 19 19:49:01 Loaded file C:\OrCAD\OrCAD_10.0\tools\Layout_Eng_Ed\data\template.imp
Sat Feb 19 19:49:01 Loaded file C:\OrCAD\OrCAD_10.0\tools\Layout_Eng_Ed\data\template.imp
Sat Feb 19 19:49:01 Loaded file C:\OrCAD\OrCAD_10.0\tools\Layout_Eng_Ed\data\template.imp
Sat Feb 19 19:49:01 Loaded file C:\OrCAD\OrCAD_10.0\tools\Layout_Eng_Ed\data\template.imp
Sat Feb 19 19:49:01 Loaded file C:\OrCAD\OrCAD_10.0\tools\Layout_Eng_Ed\data\template.imp
Sat Feb 19 19:49:01 Loaded file C:\OrCAD\OrCAD_10.0\tools\Layout_Eng_Ed\data\template.imp
Sat Feb 19 19:49:01 Loaded file C:\OrCAD\OrCAD_10.0\tools\Layout_Eng_Ed\data\template.imp
Sat Feb 19 19:49:01 Loaded file C:\OrCAD\OrCAD_10.0\tools\Layout_Eng_Ed\data\template.imp
Sat Feb 19 19:49:01 Loaded file C:\OrCAD\OrCAD_10.0\tools\Layout_Eng_Ed\data\template.imp
Sat Feb 19 19:49:01 Loaded file C:\OrCAD\OrCAD_10.0\tools\Layout_Eng_Ed\data\template.imp
Sat Feb 19 19:49:02 Loaded file C:\OrCAD\OrCAD_10.0\tools\Layout_Eng_Ed\data\template.imp
Sat Feb 19 19:49:02 Loaded file C:\OrCAD\OrCAD_10.0\tools\Layout_Eng_Ed\data\template.imp
Sat Feb 19 19:49:03 Loaded file C:\OrCAD\OrCAD_10.0\tools\Layout_Eng_Ed\data\template.imp
Sat Feb 19 19:49:03 Loaded file C:\OrCAD\OrCAD_10.0\tools\Layout_Eng_Ed\data\template.imp
Sat Feb 19 19:49:03 Loaded file C:\OrCAD\OrCAD_10.0\tools\Layout_Eng_Ed\data\template.imp
Sat Feb 19 19:49:03 Loaded file C:\OrCAD\OrCAD_10.0\tools\Layout_Eng_Ed\data\template.imp
Sat Feb 19 19:49:04 Loaded file C:\OrCAD\OrCAD_10.0\tools\Layout_Eng_Ed\data\template.imp
Sat Feb 19 19:49:04 Loaded file C:\OrCAD\OrCAD_10.0\tools\Layout_Eng_Ed\data\template.imp
Sat Feb 19 19:49:04 Loaded file C:\OrCAD\OrCAD_10.0\tools\Layout_Eng_Ed\data\template.imp
Sat Feb 19 19:49:04 Loaded file C:\OrCAD\OrCAD_10.0\tools\Layout_Eng_Ed\data\template.imp
Sat Feb 19 19:49:05 Loaded file C:\OrCAD\OrCAD_10.0\tools\Layout_Eng_Ed\data\template.imp
Sat Feb 19 19:49:05 Loaded file C:\OrCAD\OrCAD_10.0\tools\Layout_Eng_Ed\data\template.imp
Sat Feb 19 19:49:06 Loaded file C:\OrCAD\OrCAD_10.0\tools\Layout_Eng_Ed\data\template.imp
Sat Feb 19 19:49:06 Loaded file C:\OrCAD\OrCAD_10.0\tools\Layout_Eng_Ed\data\template.imp
Sat Feb 19 19:49:06 Loaded file C:\OrCAD\OrCAD_10.0\tools\Layout_Eng_Ed\data\template.imp
Sat Feb 19 19:49:06 Loaded file C:\OrCAD\OrCAD_10.0\tools\Layout_Eng_Ed\data\template.imp
Sat Feb 19 19:49:07 Loaded file C:\OrCAD\OrCAD_10.0\tools\Layout_Eng_Ed\data\template.imp
Sat Feb 19 19:49:07 Loaded file C:\OrCAD\OrCAD_10.0\tools\Layout_Eng_Ed\data\template.imp
Sat Feb 19 19:49:36 Loaded file C:\OrCAD\OrCAD_10.0\tools\Layout_Eng_Ed\data\template.imp
Sat Feb 19 19:49:36 Loaded file C:\OrCAD\OrCAD_10.0\tools\Layout_Eng_Ed\data\template.imp
Sat Feb 19 19:49:36 Loaded file C:\OrCAD\OrCAD_10.0\tools\Layout_Eng_Ed\data\template.imp
Sat Feb 19 19:49:36 Loaded file C:\OrCAD\OrCAD_10.0\tools\Layout_Eng_Ed\data\template.imp
Sat Feb 19 19:49:38 Loaded file C:\OrCAD\OrCAD_10.0\tools\Layout_Eng_Ed\data\template.imp
Sat Feb 19 19:49:40 Loaded file C:\OrCAD\OrCAD_10.0\tools\Layout_Eng_Ed\library\BCON100T.llb
Sat Feb 19 19:49:41 Loaded file C:\OrCAD\OrCAD_10.0\tools\Layout_Eng_Ed\library\BCON156T.llb
Sat Feb 19 19:49:46 Loaded file C:\OrCAD\OrCAD_10.0\tools\Layout_Eng_Ed\library\BCON100T.llb
Sat Feb 19 19:49:47 Loaded file C:\OrCAD\OrCAD_10.0\tools\Layout_Eng_Ed\data\template.imp
Sat Feb 19 19:49:49 Loaded file C:\OrCAD\OrCAD_10.0\tools\Layout_Eng_Ed\data\template.imp
Sat Feb 19 19:49:49 Loaded file C:\OrCAD\OrCAD_10.0\tools\Layout_Eng_Ed\data\template.imp
Sat Feb 19 19:49:49 Loaded file C:\OrCAD\OrCAD_10.0\tools\Layout_Eng_Ed\data\template.imp
Sat Feb 19 19:49:49 Loaded file C:\OrCAD\OrCAD_10.0\tools\Layout_Eng_Ed\data\template.imp
Sat Feb 19 19:49:49 Loaded file C:\OrCAD\OrCAD_10.0\tools\Layout_Eng_Ed\data\template.imp
Sat Feb 19 19:49:49 Loaded file C:\OrCAD\OrCAD_10.0\tools\Layout_Eng_Ed\data\template.imp
Sat Feb 19 19:49:49 Loaded file C:\OrCAD\OrCAD_10.0\tools\Layout_Eng_Ed\data\template.imp
Sat Feb 19 19:49:49 Loaded file C:\OrCAD\OrCAD_10.0\tools\Layout_Eng_Ed\data\template.imp
Sat Feb 19 19:49:49 Loaded file C:\OrCAD\OrCAD_10.0\tools\Layout_Eng_Ed\data\template.imp
Sat Feb 19 19:49:49 Loaded file C:\OrCAD\OrCAD_10.0\tools\Layout_Eng_Ed\data\template.imp
Sat Feb 19 19:49:49 Loaded file C:\OrCAD\OrCAD_10.0\tools\Layout_Eng_Ed\data\template.imp
Sat Feb 19 19:49:49 Loaded file C:\OrCAD\OrCAD_10.0\tools\Layout_Eng_Ed\data\template.imp
Sat Feb 19 19:49:50 Loaded file C:\OrCAD\OrCAD_10.0\tools\Layout_Eng_Ed\data\template.imp
Sat Feb 19 19:49:50 Loaded file C:\OrCAD\OrCAD_10.0\tools\Layout_Eng_Ed\data\template.imp
Sat Feb 19 19:49:50 Loaded file C:\OrCAD\OrCAD_10.0\tools\Layout_Eng_Ed\data\template.imp
Sat Feb 19 19:49:50 Loaded file C:\OrCAD\OrCAD_10.0\tools\Layout_Eng_Ed\data\template.imp
Sat Feb 19 19:49:50 Loaded file C:\OrCAD\OrCAD_10.0\tools\Layout_Eng_Ed\data\template.imp
Sat Feb 19 19:49:50 Loaded file C:\OrCAD\OrCAD_10.0\tools\Layout_Eng_Ed\data\template.imp
Sat Feb 19 19:49:50 Loaded file C:\OrCAD\OrCAD_10.0\tools\Layout_Eng_Ed\data\template.imp
Sat Feb 19 19:49:50 Loaded file C:\OrCAD\OrCAD_10.0\tools\Layout_Eng_Ed\data\template.imp
Sat Feb 19 19:49:50 Loaded file C:\OrCAD\OrCAD_10.0\tools\Layout_Eng_Ed\data\template.imp
Sat Feb 19 19:49:50 Loaded file C:\OrCAD\OrCAD_10.0\tools\Layout_Eng_Ed\data\template.imp
Sat Feb 19 19:49:50 Loaded file C:\OrCAD\OrCAD_10.0\tools\Layout_Eng_Ed\data\template.imp
Sat Feb 19 19:49:50 Loaded file C:\OrCAD\OrCAD_10.0\tools\Layout_Eng_Ed\data\template.imp
Sat Feb 19 19:49:50 Loaded file C:\OrCAD\OrCAD_10.0\tools\Layout_Eng_Ed\data\template.imp
Sat Feb 19 19:49:50 Loaded file C:\OrCAD\OrCAD_10.0\tools\Layout_Eng_Ed\data\template.imp
Sat Feb 19 19:49:50 Loaded file C:\OrCAD\OrCAD_10.0\tools\Layout_Eng_Ed\data\template.imp
Sat Feb 19 19:49:50 Loaded file C:\OrCAD\OrCAD_10.0\tools\Layout_Eng_Ed\data\template.imp
Sat Feb 19 19:49:51 Loaded file C:\OrCAD\OrCAD_10.0\tools\Layout_Eng_Ed\data\template.imp
Sat Feb 19 19:49:51 Loaded file C:\OrCAD\OrCAD_10.0\tools\Layout_Eng_Ed\data\template.imp
Sat Feb 19 19:49:51 Loaded file C:\OrCAD\OrCAD_10.0\tools\Layout_Eng_Ed\data\template.imp
Sat Feb 19 19:49:51 Loaded file C:\OrCAD\OrCAD_10.0\tools\Layout_Eng_Ed\data\template.imp
Sat Feb 19 19:49:51 Loaded file C:\OrCAD\OrCAD_10.0\tools\Layout_Eng_Ed\data\template.imp
Sat Feb 19 19:49:51 Loaded file C:\OrCAD\OrCAD_10.0\tools\Layout_Eng_Ed\data\template.imp
Sat Feb 19 19:49:51 Loaded file C:\OrCAD\OrCAD_10.0\tools\Layout_Eng_Ed\data\template.imp
Sat Feb 19 19:49:51 Loaded file C:\OrCAD\OrCAD_10.0\tools\Layout_Eng_Ed\data\template.imp
Sat Feb 19 19:49:51 Loaded file C:\OrCAD\OrCAD_10.0\tools\Layout_Eng_Ed\data\template.imp
Sat Feb 19 19:49:51 Loaded file C:\OrCAD\OrCAD_10.0\tools\Layout_Eng_Ed\data\template.imp
Sat Feb 19 19:49:51 Loaded file C:\OrCAD\OrCAD_10.0\tools\Layout_Eng_Ed\data\template.imp
Sat Feb 19 19:49:51 Loaded file C:\OrCAD\OrCAD_10.0\tools\Layout_Eng_Ed\data\template.imp
Sat Feb 19 19:49:51 Loaded file C:\OrCAD\OrCAD_10.0\tools\Layout_Eng_Ed\data\template.imp
Sat Feb 19 19:49:51 Loaded file C:\OrCAD\OrCAD_10.0\tools\Layout_Eng_Ed\data\template.imp
Sat Feb 19 19:49:51 Loaded file C:\OrCAD\OrCAD_10.0\tools\Layout_Eng_Ed\data\template.imp
Sat Feb 19 19:49:51 Loaded file C:\OrCAD\OrCAD_10.0\tools\Layout_Eng_Ed\data\template.imp
Sat Feb 19 19:49:51 Loaded file C:\OrCAD\OrCAD_10.0\tools\Layout_Eng_Ed\data\template.imp
Sat Feb 19 19:49:51 Loaded file C:\OrCAD\OrCAD_10.0\tools\Layout_Eng_Ed\data\template.imp
Sat Feb 19 19:49:51 Loaded file C:\OrCAD\OrCAD_10.0\tools\Layout_Eng_Ed\data\template.imp
Sat Feb 19 19:49:52 Loaded file C:\OrCAD\OrCAD_10.0\tools\Layout_Eng_Ed\data\template.imp
Sat Feb 19 19:49:52 Loaded file C:\OrCAD\OrCAD_10.0\tools\Layout_Eng_Ed\data\template.imp
Sat Feb 19 19:49:52 Loaded file C:\OrCAD\OrCAD_10.0\tools\Layout_Eng_Ed\data\template.imp
Sat Feb 19 19:49:52 Loaded file C:\OrCAD\OrCAD_10.0\tools\Layout_Eng_Ed\data\template.imp
Sat Feb 19 19:49:52 Loaded file C:\OrCAD\OrCAD_10.0\tools\Layout_Eng_Ed\data\template.imp
Sat Feb 19 19:49:52 Loaded file C:\OrCAD\OrCAD_10.0\tools\Layout_Eng_Ed\data\template.imp
Sat Feb 19 19:49:52 Loaded file C:\OrCAD\OrCAD_10.0\tools\Layout_Eng_Ed\data\template.imp
Sat Feb 19 19:49:52 Loaded file C:\OrCAD\OrCAD_10.0\tools\Layout_Eng_Ed\data\template.imp
Sat Feb 19 19:49:52 Loaded file C:\OrCAD\OrCAD_10.0\tools\Layout_Eng_Ed\data\template.imp
Sat Feb 19 19:49:52 Loaded file C:\OrCAD\OrCAD_10.0\tools\Layout_Eng_Ed\data\template.imp
Sat Feb 19 19:49:53 Loaded file C:\OrCAD\OrCAD_10.0\tools\Layout_Eng_Ed\data\template.imp
Sat Feb 19 19:49:53 Loaded file C:\OrCAD\OrCAD_10.0\tools\Layout_Eng_Ed\data\template.imp
Sat Feb 19 19:49:53 Loaded file C:\OrCAD\OrCAD_10.0\tools\Layout_Eng_Ed\data\template.imp
Sat Feb 19 19:49:53 Loaded file C:\OrCAD\OrCAD_10.0\tools\Layout_Eng_Ed\data\template.imp
Sat Feb 19 19:49:53 Loaded file C:\OrCAD\OrCAD_10.0\tools\Layout_Eng_Ed\data\template.imp
Sat Feb 19 19:49:53 Loaded file C:\OrCAD\OrCAD_10.0\tools\Layout_Eng_Ed\data\template.imp
Sat Feb 19 19:49:53 Loaded file C:\OrCAD\OrCAD_10.0\tools\Layout_Eng_Ed\data\template.imp
Sat Feb 19 19:49:53 Loaded file C:\OrCAD\OrCAD_10.0\tools\Layout_Eng_Ed\data\template.imp
Sat Feb 19 19:49:53 Loaded file C:\OrCAD\OrCAD_10.0\tools\Layout_Eng_Ed\data\template.imp
Sat Feb 19 19:49:53 Loaded file C:\OrCAD\OrCAD_10.0\tools\Layout_Eng_Ed\data\template.imp
Sat Feb 19 19:49:53 Loaded file C:\OrCAD\OrCAD_10.0\tools\Layout_Eng_Ed\data\template.imp
Sat Feb 19 19:49:53 Loaded file C:\OrCAD\OrCAD_10.0\tools\Layout_Eng_Ed\data\template.imp
Sat Feb 19 19:49:53 Loaded file C:\OrCAD\OrCAD_10.0\tools\Layout_Eng_Ed\data\template.imp
Sat Feb 19 19:49:54 Loaded file C:\OrCAD\OrCAD_10.0\tools\Layout_Eng_Ed\data\template.imp
Sat Feb 19 19:49:54 Loaded file C:\OrCAD\OrCAD_10.0\tools\Layout_Eng_Ed\data\template.imp
Sat Feb 19 19:49:54 Loaded file C:\OrCAD\OrCAD_10.0\tools\Layout_Eng_Ed\data\template.imp
Sat Feb 19 19:49:54 Loaded file C:\OrCAD\OrCAD_10.0\tools\Layout_Eng_Ed\data\template.imp
Sat Feb 19 19:49:54 Loaded file C:\OrCAD\OrCAD_10.0\tools\Layout_Eng_Ed\data\template.imp
Sat Feb 19 19:49:54 Loaded file C:\OrCAD\OrCAD_10.0\tools\Layout_Eng_Ed\data\template.imp
Sat Feb 19 19:49:54 Loaded file C:\OrCAD\OrCAD_10.0\tools\Layout_Eng_Ed\data\template.imp
Sat Feb 19 19:49:54 Loaded file C:\OrCAD\OrCAD_10.0\tools\Layout_Eng_Ed\data\template.imp
Sat Feb 19 19:49:54 Loaded file C:\OrCAD\OrCAD_10.0\tools\Layout_Eng_Ed\data\template.imp
Sat Feb 19 19:49:54 Loaded file C:\OrCAD\OrCAD_10.0\tools\Layout_Eng_Ed\data\template.imp
Sat Feb 19 19:49:54 Loaded file C:\OrCAD\OrCAD_10.0\tools\Layout_Eng_Ed\data\template.imp
Sat Feb 19 19:49:54 Loaded file C:\OrCAD\OrCAD_10.0\tools\Layout_Eng_Ed\data\template.imp
Sat Feb 19 19:49:54 Loaded file C:\OrCAD\OrCAD_10.0\tools\Layout_Eng_Ed\data\template.imp
Sat Feb 19 19:49:54 Loaded file C:\OrCAD\OrCAD_10.0\tools\Layout_Eng_Ed\data\template.imp
Sat Feb 19 19:49:54 Loaded file C:\OrCAD\OrCAD_10.0\tools\Layout_Eng_Ed\data\template.imp
Sat Feb 19 19:49:54 Loaded file C:\OrCAD\OrCAD_10.0\tools\Layout_Eng_Ed\data\template.imp
Sat Feb 19 19:49:54 Loaded file C:\OrCAD\OrCAD_10.0\tools\Layout_Eng_Ed\data\template.imp
Sat Feb 19 19:49:54 Loaded file C:\OrCAD\OrCAD_10.0\tools\Layout_Eng_Ed\data\template.imp
Sat Feb 19 19:49:54 Loaded file C:\OrCAD\OrCAD_10.0\tools\Layout_Eng_Ed\data\template.imp
Sat Feb 19 19:49:54 Loaded file C:\OrCAD\OrCAD_10.0\tools\Layout_Eng_Ed\data\template.imp
Sat Feb 19 19:49:54 Loaded file C:\OrCAD\OrCAD_10.0\tools\Layout_Eng_Ed\data\template.imp
Sat Feb 19 19:49:54 Loaded file C:\OrCAD\OrCAD_10.0\tools\Layout_Eng_Ed\data\template.imp
Sat Feb 19 19:49:54 Loaded file C:\OrCAD\OrCAD_10.0\tools\Layout_Eng_Ed\data\template.imp
Sat Feb 19 19:49:54 Loaded file C:\OrCAD\OrCAD_10.0\tools\Layout_Eng_Ed\data\template.imp
Sat Feb 19 19:49:55 Loaded file C:\OrCAD\OrCAD_10.0\tools\Layout_Eng_Ed\data\template.imp
Sat Feb 19 19:49:55 Loaded file C:\OrCAD\OrCAD_10.0\tools\Layout_Eng_Ed\data\template.imp
Sat Feb 19 19:49:55 Loaded file C:\OrCAD\OrCAD_10.0\tools\Layout_Eng_Ed\data\template.imp
Sat Feb 19 19:49:56 Loaded file C:\OrCAD\OrCAD_10.0\tools\Layout_Eng_Ed\data\template.imp
Sat Feb 19 19:55:25 Saved as file C:\USERS\PARTH\DESKTOP\SMST-REF\PCB DESIGN\SMART TRAFFIC SIGNAL.MAX
Sat Feb 19 19:55:26 Saved as file C:\USERS\PARTH\DESKTOP\SMST-REF\PCB DESIGN\SMART TRAFFIC SIGNAL.MAX
Sat Feb 19 19:56:03 Loaded file C:\OrCAD\OrCAD_10.0\tools\Layout_Eng_Ed\data\template.imp
Sat Feb 19 19:56:03 Loaded file C:\OrCAD\OrCAD_10.0\tools\Layout_Eng_Ed\data\template.imp
Sat Feb 19 19:56:14 Loaded file C:\USERS\PARTH\DESKTOP\SMST-REF\PCB DESIGN\MY-LIB.LLB
Sat Feb 19 19:56:15 Loaded file C:\OrCAD\OrCAD_10.0\tools\Layout_Eng_Ed\data\template.imp
Sat Feb 19 19:56:16 Loaded file C:\OrCAD\OrCAD_10.0\tools\Layout_Eng_Ed\data\template.imp
Sat Feb 19 19:56:18 Loaded file C:\OrCAD\OrCAD_10.0\tools\Layout_Eng_Ed\data\template.imp
Sat Feb 19 19:56:19 Loaded file C:\OrCAD\OrCAD_10.0\tools\Layout_Eng_Ed\data\template.imp
Sat Feb 19 19:56:21 Loaded file C:\OrCAD\OrCAD_10.0\tools\Layout_Eng_Ed\data\template.imp
Sat Feb 19 19:56:22 Loaded file C:\OrCAD\OrCAD_10.0\tools\Layout_Eng_Ed\data\template.imp
Sat Feb 19 19:56:24 Loaded file C:\OrCAD\OrCAD_10.0\tools\Layout_Eng_Ed\data\template.imp
Sat Feb 19 19:56:26 Loaded file C:\OrCAD\OrCAD_10.0\tools\Layout_Eng_Ed\data\template.imp
Sat Feb 19 19:56:27 Loaded file C:\OrCAD\OrCAD_10.0\tools\Layout_Eng_Ed\data\template.imp
Sat Feb 19 19:56:41 Loaded file C:\OrCAD\OrCAD_10.0\tools\Layout_Eng_Ed\data\template.imp
Sat Feb 19 19:56:42 Loaded file C:\OrCAD\OrCAD_10.0\tools\Layout_Eng_Ed\data\template.imp
Sat Feb 19 19:56:44 Loaded file C:\OrCAD\OrCAD_10.0\tools\Layout_Eng_Ed\data\template.imp
Sat Feb 19 19:56:46 Loaded file C:\OrCAD\OrCAD_10.0\tools\Layout_Eng_Ed\data\template.imp
Sat Feb 19 19:56:48 Loaded file C:\OrCAD\OrCAD_10.0\tools\Layout_Eng_Ed\data\template.imp
Sat Feb 19 19:56:50 Loaded file C:\OrCAD\OrCAD_10.0\tools\Layout_Eng_Ed\data\template.imp
Sat Feb 19 19:56:53 Loaded file C:\OrCAD\OrCAD_10.0\tools\Layout_Eng_Ed\data\template.imp
Sat Feb 19 19:57:01 Loaded file C:\OrCAD\OrCAD_10.0\tools\Layout_Eng_Ed\data\template.imp
Sat Feb 19 19:57:04 Loaded file C:\OrCAD\OrCAD_10.0\tools\Layout_Eng_Ed\data\template.imp
Sat Feb 19 19:57:07 Loaded file C:\OrCAD\OrCAD_10.0\tools\Layout_Eng_Ed\data\template.imp
Sat Feb 19 19:57:09 Loaded file C:\OrCAD\OrCAD_10.0\tools\Layout_Eng_Ed\data\template.imp
Sat Feb 19 19:57:11 Loaded file C:\OrCAD\OrCAD_10.0\tools\Layout_Eng_Ed\data\template.imp
Sat Feb 19 19:57:13 Loaded file C:\OrCAD\OrCAD_10.0\tools\Layout_Eng_Ed\data\template.imp
Sat Feb 19 19:57:15 Loaded file C:\OrCAD\OrCAD_10.0\tools\Layout_Eng_Ed\data\template.imp
Sat Feb 19 19:57:17 Loaded file C:\OrCAD\OrCAD_10.0\tools\Layout_Eng_Ed\data\template.imp
Sat Feb 19 19:57:39 Saved as file C:\USERS\PARTH\DESKTOP\SMST-REF\PCB DESIGN\SMART TRAFFIC SIGNAL.MAX
Sat Feb 19 19:57:55 Loaded file C:\OrCAD\OrCAD_10.0\tools\Layout_Eng_Ed\data\template.imp
Sat Feb 19 19:57:55 Loaded file C:\OrCAD\OrCAD_10.0\tools\Layout_Eng_Ed\data\template.imp
Sat Feb 19 19:57:56 Loaded file C:\USERS\PARTH\DESKTOP\SMST-REF\PCB DESIGN\MY-LIB.LLB
Sat Feb 19 19:59:30 Saved as file BACKUP1.MAX
Sat Feb 19 19:59:59 Removed unused net: NET_123
Sat Feb 19 19:59:59 Removed unused net: NET_122
Sat Feb 19 19:59:59 Removed unused net: NET_121
Sat Feb 19 19:59:59 Removed unused net: NET_120
Sat Feb 19 19:59:59 Removed unused net: NET_119
Sat Feb 19 19:59:59 Removed unused net: NET_118
Sat Feb 19 19:59:59 Removed unused net: NET_117
Sat Feb 19 19:59:59 Removed unused net: NET_116
Sat Feb 19 19:59:59 Removed unused net: NET_115
Sat Feb 19 19:59:59 Removed unused net: NET_114
Sat Feb 19 19:59:59 Removed unused net: NET_113
Sat Feb 19 19:59:59 Removed unused net: NET_112
Sat Feb 19 19:59:59 Removed unused net: NET_84
Sat Feb 19 19:59:59 Removed unused net: NET_83
Sat Feb 19 19:59:59 Removed unused net: NET_82
Sat Feb 19 19:59:59 Removed unused net: NET_69
Sat Feb 19 19:59:59 Removed unused net: NET_56
Sat Feb 19 19:59:59 Removed unused net: NET_52
Sat Feb 19 19:59:59 Removed unused net: NET_51
Sat Feb 19 19:59:59 Removed unused net: NET_50
Sat Feb 19 19:59:59 Removed unused net: NET_49
Sat Feb 19 19:59:59 Removed unused net: NET_48
Sat Feb 19 19:59:59 Removed unused net: NET_47
Sat Feb 19 19:59:59 Removed unused net: NET_46
Sat Feb 19 19:59:59 Removed unused net: NET_45
Sat Feb 19 20:00:01 Removed unused footprint: CYL/D.250/LS.100/.031_LED12
Sat Feb 19 20:00:01 Removed unused footprint: CYL/D.250/LS.100/.031_LED11
Sat Feb 19 20:00:01 Removed unused footprint: CYL/D.250/LS.100/.031_LED10
Sat Feb 19 20:00:01 Removed unused footprint: CYL/D.250/LS.100/.031_LED9
Sat Feb 19 20:00:01 Removed unused footprint: RESISTOR 0.25 WATT_R7
Sat Feb 19 20:00:01 Removed unused footprint: RESISTOR 0.25 WATT_RLC2
Sat Feb 19 20:00:01 Removed unused footprint: CYL/D.250/LS.100/.031_LED8
Sat Feb 19 20:00:01 Removed unused footprint: CYL/D.250/LS.100/.031_LED7
Sat Feb 19 20:00:01 Removed unused footprint: CYL/D.250/LS.100/.031_LED6
Sat Feb 19 20:00:01 Removed unused footprint: CYL/D.250/LS.100/.031_LED4
Sat Feb 19 20:00:01 Removed unused footprint: NODEMCU AMICA SMALL WITHOUT SIP_NODE
Sat Feb 19 20:00:01 Removed unused footprint: IC BASE 16 PIN_ULN2005
Sat Feb 19 20:00:01 Removed unused footprint: RF RECIVER CONNECTOR_RF RE
Sat Feb 19 20:00:01 Removed unused footprint: RESISTOR 0.25 WATT_R5
Sat Feb 19 20:00:01 Removed unused footprint: CYL/D.250/LS.100/.031_LED3
Sat Feb 19 20:00:01 Removed unused footprint: RESISTOR 0.25 WATT_R4
Sat Feb 19 20:00:01 Removed unused footprint: DIP.100/18/W.300/L.900_IC 12D
Sat Feb 19 20:00:01 Removed unused footprint: MTHOLE1_31
Sat Feb 19 20:00:01 Removed unused footprint: BLKCON.156/VH/TM1SQS/W.156/4
Sat Feb 19 20:00:01 Removed unused footprint: NODEMCU AMICA SMALL WITHOUT SIP
Sat Feb 19 20:00:01 Removed unused footprint: RF RECIVER CONNECTOR
Sat Feb 19 20:00:01 Removed unused footprint: DIP.100/18/W.300/L.900
Sat Feb 19 20:00:01 Removed unused footprint: IC BASE 16 PIN
Sat Feb 19 20:00:02 Removed unused padstack: BCON156T.llb_pad2_1
Sat Feb 19 20:00:02 Removed unused padstack: BCON156T.llb_pad1_1
Sat Feb 19 20:00:02 Removed unused padstack: BCON100T.llb_pad1_5
Sat Feb 19 20:00:02 Removed unused padstack: BCON100T.llb_pad2_5
Sat Feb 19 20:00:02 Removed unused padstack: DIP100T.llb_pad2_1
Sat Feb 19 20:00:02 Removed unused padstack: DIP100T.llb_pad1_1
Sat Feb 19 20:00:02 Removed unused padstack: DIP100T.llb_pad4_1_2
Sat Feb 19 20:09:30 Saved as file BACKUP1.MAX
Sat Feb 19 20:15:04 Saved as file ~undo.max
Sat Feb 19 20:15:06 Saved as file C:\USERS\PARTH\DESKTOP\SMST-REF\PCB DESIGN\SMART TRAFFIC SIGNAL.MAX
Sat Feb 19 21:00:09 Loaded file C:\OrCAD\OrCAD_10.0\tools\Layout_Eng_Ed\data\template.imp
Sat Feb 19 21:00:09 Loaded file C:\OrCAD\OrCAD_10.0\tools\Layout_Eng_Ed\data\template.imp
Sat Feb 19 21:05:44 Saved as file BACKUP1.MAX
Sat Feb 19 21:15:44 Saved as file BACKUP1.MAX
Sun Feb 20 13:20:40 Saved as file C:\USERS\PARTH\DESKTOP\SMST-REF\PCB DESIGN\SMART TRAFFIC SIGNAL.MAX
Sat Feb 26 12:07:33 Saved as file C:\USERS\PARTH\DESKTOP\SMST-REF\PCB DESIGN\SMART TRAFFIC SIGNAL.MAX
Sat Feb 26 14:08:50 Saved as file BACKUP1.MAX
Mon Feb 28 10:56:50 Saved as file BACKUP1.MAX
Mon Feb 28 11:06:53 Saved as file BACKUP1.MAX
Wed Mar 02 11:21:34 Saved as file BACKUP1.MAX
Wed Mar 02 12:59:42 Saved as file BACKUP1.MAX
Wed Mar 02 14:00:09 Saved as file BACKUP1.MAX
Wed Mar 02 14:10:09 Saved as file BACKUP1.MAX
Fri Mar 11 10:53:20 Saved as file BACKUP1.MAX
Fri Mar 11 11:03:31 Saved as file BACKUP1.MAX
Fri Mar 11 11:13:31 Saved as file BACKUP1.MAX
Fri Mar 11 11:26:09 Saved as file BACKUP1.MAX
Fri Mar 11 11:37:35 Saved as file BACKUP1.MAX
Fri Mar 11 12:06:41 Saved as file BACKUP1.MAX
Fri May 13 20:40:17 Saved as file BACKUP1.MAX
Fri May 13 20:50:17 Saved as file BACKUP1.MAX
Sat May 14 14:28:17 Saved as file BACKUP1.MAX
Sat May 14 14:38:17 Saved as file BACKUP1.MAX
Sat May 14 14:48:17 Saved as file BACKUP1.MAX
